


ARM Macro Assembler    Page 1 


    1 00000000                 AREA             RESET, DATA, READONLY
    2 00000000                 EXPORT           __Vectors
    3 00000000         __Vectors
    4 00000000 10001000        DCD              0x10001000  ; stack pointer val
                                                            ue when stack is em
                                                            pty
    5 00000004 00000000        DCD              Reset_Handler ; reset vector
    6 00000008                 ALIGN
    7 00000008                 AREA             mycode, CODE, READONLY
    8 00000000                 ENTRY
    9 00000000                 EXPORT           Reset_Handler
   10 00000000         Reset_Handler
   11 00000000 490C            LDR              R1, =unpacked
   12 00000002 4A0D            LDR              R2, =packed
   13 00000004 680B            LDR              R3,[R1]
   14 00000006 F04F 040F       LDR              R4, =0X0F
   15 0000000A F04F 0800       MOV              R8, #0
   16 0000000E         
   17 0000000E         LOOP
   18 0000000E F04F 0500       LDR              R5, =0
   19 00000012 EA03 0504       AND              R5, R3,R4
   20 00000016 FA25 F508       LSR              R5,R8
   21 0000001A 4428            ADD              R0,R5
   22 0000001C F108 0804       ADD              R8,#4
   23 00000020 EA4F 2404       LSL              R4,#8
   24 00000024 F1B8 0F10       CMP              R8,#16
   25 00000028 D1F1            BNE              LOOP
   26 0000002A 6010            STR              R0,[R2]
   27 0000002C         
   28 0000002C E7FE    STOP    B                STOP        ; Be there
   29 0000002E 00 00 02040607 
                       unpacked
                               DCD              0X02040607  ;32 bit number - un
                                                            packed
   30 00000034         
   31 00000034 00000000 
              00000000         AREA             mydata, DATA, READWRITE
   32 00000000 00000000 
                       packed  DCD              0           ; packed result
   33 00000004                 END
Command Line: --debug --xref --cpu=Cortex-M3 --apcs=interwork --depend=.\q1.d -
o.\q1.o -IC:\Keil\ARM\RV31\INC -IC:\Keil\ARM\CMSIS\Include -IC:\Keil\ARM\Inc\NX
P\LPC17xx --predefine="__EVAL SETA 1" --list=.\q1.lst q1.s



ARM Macro Assembler    Page 1 Alphabetic symbol ordering
Relocatable symbols

RESET 00000000

Symbol: RESET
   Definitions
      At line 1 in file q1.s
   Uses
      None
Comment: RESET unused
__Vectors 00000000

Symbol: __Vectors
   Definitions
      At line 3 in file q1.s
   Uses
      At line 2 in file q1.s
Comment: __Vectors used once
2 symbols



ARM Macro Assembler    Page 1 Alphabetic symbol ordering
Relocatable symbols

LOOP 0000000E

Symbol: LOOP
   Definitions
      At line 17 in file q1.s
   Uses
      At line 25 in file q1.s
Comment: LOOP used once
Reset_Handler 00000000

Symbol: Reset_Handler
   Definitions
      At line 10 in file q1.s
   Uses
      At line 5 in file q1.s
      At line 9 in file q1.s

STOP 0000002C

Symbol: STOP
   Definitions
      At line 28 in file q1.s
   Uses
      At line 28 in file q1.s
Comment: STOP used once
mycode 00000000

Symbol: mycode
   Definitions
      At line 7 in file q1.s
   Uses
      None
Comment: mycode unused
unpacked 00000030

Symbol: unpacked
   Definitions
      At line 29 in file q1.s
   Uses
      At line 11 in file q1.s
Comment: unpacked used once
5 symbols



ARM Macro Assembler    Page 1 Alphabetic symbol ordering
Relocatable symbols

mydata 00000000

Symbol: mydata
   Definitions
      At line 31 in file q1.s
   Uses
      None
Comment: mydata unused
packed 00000000

Symbol: packed
   Definitions
      At line 32 in file q1.s
   Uses
      At line 12 in file q1.s
Comment: packed used once
2 symbols
342 symbols in table
