#! /usr/bin/vvp
:ivl_version "11.0 (stable)";
:ivl_delay_selection "TYPICAL";
:vpi_time_precision - 9;
:vpi_module "/usr/lib/x86_64-linux-gnu/ivl/system.vpi";
:vpi_module "/usr/lib/x86_64-linux-gnu/ivl/vhdl_sys.vpi";
:vpi_module "/usr/lib/x86_64-linux-gnu/ivl/vhdl_textio.vpi";
:vpi_module "/usr/lib/x86_64-linux-gnu/ivl/v2005_math.vpi";
:vpi_module "/usr/lib/x86_64-linux-gnu/ivl/va_math.vpi";
S_0x561a5a58c900 .scope module, "q4_tb" "q4_tb" 2 3;
 .timescale -9 -9;
v0x561a5a5ad1b0_0 .var "A", 0 0;
v0x561a5a5ad270_0 .var "B", 0 0;
v0x561a5a5ad340_0 .var "C", 0 0;
v0x561a5a5ad440_0 .var "D", 0 0;
v0x561a5a5ad510_0 .net "f", 0 0, L_0x561a5a5ae0c0;  1 drivers
S_0x561a5a58ca90 .scope module, "uut" "q4" 2 6, 3 1 0, S_0x561a5a58c900;
 .timescale -9 -9;
    .port_info 0 /INPUT 1 "A";
    .port_info 1 /INPUT 1 "B";
    .port_info 2 /INPUT 1 "C";
    .port_info 3 /INPUT 1 "D";
    .port_info 4 /OUTPUT 1 "f";
L_0x561a5a5ad5b0 .functor NOT 1, v0x561a5a5ad340_0, C4<0>, C4<0>, C4<0>;
L_0x561a5a5ad6a0 .functor OR 1, L_0x561a5a5ad5b0, v0x561a5a5ad440_0, C4<0>, C4<0>;
L_0x561a5a5ad7b0 .functor NOT 1, v0x561a5a5ad1b0_0, C4<0>, C4<0>, C4<0>;
L_0x561a5a5ad870 .functor OR 1, L_0x561a5a5ad7b0, v0x561a5a5ad270_0, C4<0>, C4<0>;
L_0x561a5a5ad9b0 .functor OR 1, L_0x561a5a5ad870, v0x561a5a5ad340_0, C4<0>, C4<0>;
L_0x561a5a5ada70 .functor AND 1, L_0x561a5a5ad6a0, L_0x561a5a5ad9b0, C4<1>, C4<1>;
L_0x561a5a5adbc0 .functor NOT 1, v0x561a5a5ad270_0, C4<0>, C4<0>, C4<0>;
L_0x561a5a5adc30 .functor OR 1, v0x561a5a5ad1b0_0, L_0x561a5a5adbc0, C4<0>, C4<0>;
L_0x561a5a5add40 .functor OR 1, L_0x561a5a5adc30, v0x561a5a5ad340_0, C4<0>, C4<0>;
L_0x561a5a5ade00 .functor NOT 1, v0x561a5a5ad440_0, C4<0>, C4<0>, C4<0>;
L_0x561a5a5aded0 .functor OR 1, L_0x561a5a5add40, L_0x561a5a5ade00, C4<0>, C4<0>;
L_0x561a5a5adf40 .functor AND 1, L_0x561a5a5ada70, L_0x561a5a5aded0, C4<1>, C4<1>;
L_0x561a5a5ae0c0 .functor NOT 1, L_0x561a5a5adf40, C4<0>, C4<0>, C4<0>;
v0x561a5a58cc70_0 .net "A", 0 0, v0x561a5a5ad1b0_0;  1 drivers
v0x561a5a5ac330_0 .net "B", 0 0, v0x561a5a5ad270_0;  1 drivers
v0x561a5a5ac3f0_0 .net "C", 0 0, v0x561a5a5ad340_0;  1 drivers
v0x561a5a5ac4c0_0 .net "D", 0 0, v0x561a5a5ad440_0;  1 drivers
v0x561a5a5ac580_0 .net *"_ivl_0", 0 0, L_0x561a5a5ad5b0;  1 drivers
v0x561a5a5ac6b0_0 .net *"_ivl_10", 0 0, L_0x561a5a5ada70;  1 drivers
v0x561a5a5ac790_0 .net *"_ivl_12", 0 0, L_0x561a5a5adbc0;  1 drivers
v0x561a5a5ac870_0 .net *"_ivl_14", 0 0, L_0x561a5a5adc30;  1 drivers
v0x561a5a5ac950_0 .net *"_ivl_16", 0 0, L_0x561a5a5add40;  1 drivers
v0x561a5a5aca30_0 .net *"_ivl_18", 0 0, L_0x561a5a5ade00;  1 drivers
v0x561a5a5acb10_0 .net *"_ivl_2", 0 0, L_0x561a5a5ad6a0;  1 drivers
v0x561a5a5acbf0_0 .net *"_ivl_20", 0 0, L_0x561a5a5aded0;  1 drivers
v0x561a5a5accd0_0 .net *"_ivl_22", 0 0, L_0x561a5a5adf40;  1 drivers
v0x561a5a5acdb0_0 .net *"_ivl_4", 0 0, L_0x561a5a5ad7b0;  1 drivers
v0x561a5a5ace90_0 .net *"_ivl_6", 0 0, L_0x561a5a5ad870;  1 drivers
v0x561a5a5acf70_0 .net *"_ivl_8", 0 0, L_0x561a5a5ad9b0;  1 drivers
v0x561a5a5ad050_0 .net "f", 0 0, L_0x561a5a5ae0c0;  alias, 1 drivers
    .scope S_0x561a5a58c900;
T_0 ;
    %vpi_call 2 9 "$dumpfile", "q4_tb.vcd" {0 0 0};
    %vpi_call 2 10 "$dumpvars", 32'sb00000000000000000000000000000000, S_0x561a5a58c900 {0 0 0};
    %pushi/vec4 0, 0, 1;
    %store/vec4 v0x561a5a5ad1b0_0, 0, 1;
    %pushi/vec4 0, 0, 1;
    %store/vec4 v0x561a5a5ad270_0, 0, 1;
    %pushi/vec4 0, 0, 1;
    %store/vec4 v0x561a5a5ad340_0, 0, 1;
    %pushi/vec4 0, 0, 1;
    %store/vec4 v0x561a5a5ad440_0, 0, 1;
    %delay 20, 0;
    %pushi/vec4 0, 0, 1;
    %store/vec4 v0x561a5a5ad1b0_0, 0, 1;
    %pushi/vec4 0, 0, 1;
    %store/vec4 v0x561a5a5ad270_0, 0, 1;
    %pushi/vec4 0, 0, 1;
    %store/vec4 v0x561a5a5ad340_0, 0, 1;
    %pushi/vec4 1, 0, 1;
    %store/vec4 v0x561a5a5ad440_0, 0, 1;
    %delay 20, 0;
    %pushi/vec4 0, 0, 1;
    %store/vec4 v0x561a5a5ad1b0_0, 0, 1;
    %pushi/vec4 0, 0, 1;
    %store/vec4 v0x561a5a5ad270_0, 0, 1;
    %pushi/vec4 1, 0, 1;
    %store/vec4 v0x561a5a5ad340_0, 0, 1;
    %pushi/vec4 0, 0, 1;
    %store/vec4 v0x561a5a5ad440_0, 0, 1;
    %delay 20, 0;
    %pushi/vec4 0, 0, 1;
    %store/vec4 v0x561a5a5ad1b0_0, 0, 1;
    %pushi/vec4 0, 0, 1;
    %store/vec4 v0x561a5a5ad270_0, 0, 1;
    %pushi/vec4 1, 0, 1;
    %store/vec4 v0x561a5a5ad340_0, 0, 1;
    %pushi/vec4 1, 0, 1;
    %store/vec4 v0x561a5a5ad440_0, 0, 1;
    %delay 20, 0;
    %pushi/vec4 0, 0, 1;
    %store/vec4 v0x561a5a5ad1b0_0, 0, 1;
    %pushi/vec4 1, 0, 1;
    %store/vec4 v0x561a5a5ad270_0, 0, 1;
    %pushi/vec4 0, 0, 1;
    %store/vec4 v0x561a5a5ad340_0, 0, 1;
    %pushi/vec4 0, 0, 1;
    %store/vec4 v0x561a5a5ad440_0, 0, 1;
    %delay 20, 0;
    %pushi/vec4 0, 0, 1;
    %store/vec4 v0x561a5a5ad1b0_0, 0, 1;
    %pushi/vec4 1, 0, 1;
    %store/vec4 v0x561a5a5ad270_0, 0, 1;
    %pushi/vec4 0, 0, 1;
    %store/vec4 v0x561a5a5ad340_0, 0, 1;
    %pushi/vec4 1, 0, 1;
    %store/vec4 v0x561a5a5ad440_0, 0, 1;
    %delay 20, 0;
    %pushi/vec4 0, 0, 1;
    %store/vec4 v0x561a5a5ad1b0_0, 0, 1;
    %pushi/vec4 1, 0, 1;
    %store/vec4 v0x561a5a5ad270_0, 0, 1;
    %pushi/vec4 1, 0, 1;
    %store/vec4 v0x561a5a5ad340_0, 0, 1;
    %pushi/vec4 0, 0, 1;
    %store/vec4 v0x561a5a5ad440_0, 0, 1;
    %delay 20, 0;
    %pushi/vec4 0, 0, 1;
    %store/vec4 v0x561a5a5ad1b0_0, 0, 1;
    %pushi/vec4 1, 0, 1;
    %store/vec4 v0x561a5a5ad270_0, 0, 1;
    %pushi/vec4 1, 0, 1;
    %store/vec4 v0x561a5a5ad340_0, 0, 1;
    %pushi/vec4 1, 0, 1;
    %store/vec4 v0x561a5a5ad440_0, 0, 1;
    %delay 20, 0;
    %pushi/vec4 1, 0, 1;
    %store/vec4 v0x561a5a5ad1b0_0, 0, 1;
    %pushi/vec4 0, 0, 1;
    %store/vec4 v0x561a5a5ad270_0, 0, 1;
    %pushi/vec4 0, 0, 1;
    %store/vec4 v0x561a5a5ad340_0, 0, 1;
    %pushi/vec4 0, 0, 1;
    %store/vec4 v0x561a5a5ad440_0, 0, 1;
    %delay 20, 0;
    %pushi/vec4 1, 0, 1;
    %store/vec4 v0x561a5a5ad1b0_0, 0, 1;
    %pushi/vec4 0, 0, 1;
    %store/vec4 v0x561a5a5ad270_0, 0, 1;
    %pushi/vec4 0, 0, 1;
    %store/vec4 v0x561a5a5ad340_0, 0, 1;
    %pushi/vec4 1, 0, 1;
    %store/vec4 v0x561a5a5ad440_0, 0, 1;
    %delay 20, 0;
    %pushi/vec4 1, 0, 1;
    %store/vec4 v0x561a5a5ad1b0_0, 0, 1;
    %pushi/vec4 0, 0, 1;
    %store/vec4 v0x561a5a5ad270_0, 0, 1;
    %pushi/vec4 1, 0, 1;
    %store/vec4 v0x561a5a5ad340_0, 0, 1;
    %pushi/vec4 0, 0, 1;
    %store/vec4 v0x561a5a5ad440_0, 0, 1;
    %delay 20, 0;
    %pushi/vec4 1, 0, 1;
    %store/vec4 v0x561a5a5ad1b0_0, 0, 1;
    %pushi/vec4 0, 0, 1;
    %store/vec4 v0x561a5a5ad270_0, 0, 1;
    %pushi/vec4 1, 0, 1;
    %store/vec4 v0x561a5a5ad340_0, 0, 1;
    %pushi/vec4 1, 0, 1;
    %store/vec4 v0x561a5a5ad440_0, 0, 1;
    %delay 20, 0;
    %pushi/vec4 1, 0, 1;
    %store/vec4 v0x561a5a5ad1b0_0, 0, 1;
    %pushi/vec4 1, 0, 1;
    %store/vec4 v0x561a5a5ad270_0, 0, 1;
    %pushi/vec4 0, 0, 1;
    %store/vec4 v0x561a5a5ad340_0, 0, 1;
    %pushi/vec4 0, 0, 1;
    %store/vec4 v0x561a5a5ad440_0, 0, 1;
    %delay 20, 0;
    %pushi/vec4 1, 0, 1;
    %store/vec4 v0x561a5a5ad1b0_0, 0, 1;
    %pushi/vec4 1, 0, 1;
    %store/vec4 v0x561a5a5ad270_0, 0, 1;
    %pushi/vec4 0, 0, 1;
    %store/vec4 v0x561a5a5ad340_0, 0, 1;
    %pushi/vec4 1, 0, 1;
    %store/vec4 v0x561a5a5ad440_0, 0, 1;
    %delay 20, 0;
    %pushi/vec4 1, 0, 1;
    %store/vec4 v0x561a5a5ad1b0_0, 0, 1;
    %pushi/vec4 1, 0, 1;
    %store/vec4 v0x561a5a5ad270_0, 0, 1;
    %pushi/vec4 1, 0, 1;
    %store/vec4 v0x561a5a5ad340_0, 0, 1;
    %pushi/vec4 0, 0, 1;
    %store/vec4 v0x561a5a5ad440_0, 0, 1;
    %delay 20, 0;
    %pushi/vec4 1, 0, 1;
    %store/vec4 v0x561a5a5ad1b0_0, 0, 1;
    %pushi/vec4 1, 0, 1;
    %store/vec4 v0x561a5a5ad270_0, 0, 1;
    %pushi/vec4 1, 0, 1;
    %store/vec4 v0x561a5a5ad340_0, 0, 1;
    %pushi/vec4 1, 0, 1;
    %store/vec4 v0x561a5a5ad440_0, 0, 1;
    %delay 20, 0;
    %vpi_call 2 27 "$display", "test complete" {0 0 0};
    %end;
    .thread T_0;
# The file index is used to find the file name in the following table.
:file_names 4;
    "N/A";
    "<interactive>";
    "q4_tb.v";
    "./q4.v";
