


ARM Macro Assembler    Page 1 


    1 00000000                 AREA             RESET, DATA, READONLY
    2 00000000                 EXPORT           __Vectors
    3 00000000         __Vectors
    4 00000000 10001000        DCD              0x10001000  ; stack pointer val
                                                            ue when stack is em
                                                            pty
    5 00000004 00000000        DCD              Reset_Handler ; reset vector
    6 00000008                 ALIGN
    7 00000008                 AREA             mycode, CODE, READONLY
    8 00000000                 ENTRY
    9 00000000                 EXPORT           Reset_Handler
   10 00000000         Reset_Handler
   11 00000000 F04F 0005       MOV              R0, 0x05    ; Load address of S
                                                            RC into R0
   12 00000004 4903            LDR              R1, =SRC    ; Load the address 
                                                            of DST onto R1
   13 00000006 F04F 0236       LDR              R2, =0x36
   14 0000000A 680B            LDR              R3, [R1]
   15 0000000C         ;LDR R3, [R0] ; Load data pointed by R0 into R3
   16 0000000C         ;STR R3,[R1] ; Store data from R3 into the address point
                       ed by R1
   17 0000000C 00000019 
                       SRC     DCD              25
   18 00000010 E7FE    STOP    B                STOP        ; Be there
   19 00000012                 END
              00 00 00000000 
Command Line: --debug --xref --cpu=Cortex-M3 --apcs=interwork --depend=.\q1.d -
o.\q1.o -IC:\Keil\ARM\RV31\INC -IC:\Keil\ARM\CMSIS\Include -IC:\Keil\ARM\Inc\NX
P\LPC17xx --predefine="__EVAL SETA 1" --list=.\q1.lst q1.s



ARM Macro Assembler    Page 1 Alphabetic symbol ordering
Relocatable symbols

RESET 00000000

Symbol: RESET
   Definitions
      At line 1 in file q1.s
   Uses
      None
Comment: RESET unused
__Vectors 00000000

Symbol: __Vectors
   Definitions
      At line 3 in file q1.s
   Uses
      At line 2 in file q1.s
Comment: __Vectors used once
2 symbols



ARM Macro Assembler    Page 1 Alphabetic symbol ordering
Relocatable symbols

Reset_Handler 00000000

Symbol: Reset_Handler
   Definitions
      At line 10 in file q1.s
   Uses
      At line 5 in file q1.s
      At line 9 in file q1.s

SRC 0000000C

Symbol: SRC
   Definitions
      At line 17 in file q1.s
   Uses
      At line 12 in file q1.s
Comment: SRC used once
STOP 00000010

Symbol: STOP
   Definitions
      At line 18 in file q1.s
   Uses
      At line 18 in file q1.s
Comment: STOP used once
mycode 00000000

Symbol: mycode
   Definitions
      At line 7 in file q1.s
   Uses
      None
Comment: mycode unused
4 symbols
339 symbols in table
