


ARM Macro Assembler    Page 1 


    1 00000000                 AREA             RESET, DATA, READONLY
    2 00000000                 EXPORT           __Vectors
    3 00000000         __Vectors
    4 00000000 10001000        DCD              0x10001000  ; stack pointer val
                                                            ue when stack is em
                                                            pty
    5 00000004 00000000        DCD              Reset_Handler ; reset vector
    6 00000008                 ALIGN
    7 00000008                 AREA             mycode, CODE, READONLY
    8 00000000                 ENTRY
    9 00000000                 EXPORT           Reset_Handler
   10 00000000         Reset_Handler
   11 00000000 4807            LDR              R0, =SRC
   12 00000002 4908            LDR              R1, =DST
   13 00000004 F04F 0226       MOV              R2, #0x26
   14 00000008 F04F 040A       mov              R4, #10
   15 0000000C         Loop1
   16 0000000C         
   17 0000000C F840 2B04       STR              R2,[R0],#4
   18 00000010 6803            LDR              R3,[R0]
   19 00000012 F841 3B04       STR              R3,[R1],#4
   20 00000016 3204            ADDS             R2,#4
   21 00000018 3C01            SUBS             R4,#1
   22 0000001A D1F7            BNE              Loop1
   23 0000001C         
   24 0000001C         
   25 0000001C         
   26 0000001C E7FE    STOP    B                STOP        ; Be there
   27 0000001E         ; SRC location in data memory
   28 0000001E 00 00 00000000 
              00000000         AREA             mydata, DATA, READWRITE
   29 00000000 00000000 
              00000000 
              00000000 
              00000000 
              00000000 
              00000000 
              00000000 
              00000000 
              00000000 
              00000000 SRC     DCD              0,0,0,0,0,0,0,0,0,0
   30 00000028                 AREA             mydata1, DATA, READWRITE
   31 00000000 00000000 
                       DST     DCD              0           ;DST location in da
                                                            ta memory
   32 00000004         
   33 00000004                 END
Command Line: --debug --xref --cpu=Cortex-M3 --apcs=interwork --depend=.\q3.d -
o.\q3.o -IC:\Keil\ARM\RV31\INC -IC:\Keil\ARM\CMSIS\Include -IC:\Keil\ARM\Inc\NX
P\LPC17xx --predefine="__EVAL SETA 1" --list=.\q3.lst q3.s



ARM Macro Assembler    Page 1 Alphabetic symbol ordering
Relocatable symbols

RESET 00000000

Symbol: RESET
   Definitions
      At line 1 in file q3.s
   Uses
      None
Comment: RESET unused
__Vectors 00000000

Symbol: __Vectors
   Definitions
      At line 3 in file q3.s
   Uses
      At line 2 in file q3.s
Comment: __Vectors used once
2 symbols



ARM Macro Assembler    Page 1 Alphabetic symbol ordering
Relocatable symbols

Loop1 0000000C

Symbol: Loop1
   Definitions
      At line 15 in file q3.s
   Uses
      At line 22 in file q3.s
Comment: Loop1 used once
Reset_Handler 00000000

Symbol: Reset_Handler
   Definitions
      At line 10 in file q3.s
   Uses
      At line 5 in file q3.s
      At line 9 in file q3.s

STOP 0000001C

Symbol: STOP
   Definitions
      At line 26 in file q3.s
   Uses
      At line 26 in file q3.s
Comment: STOP used once
mycode 00000000

Symbol: mycode
   Definitions
      At line 7 in file q3.s
   Uses
      None
Comment: mycode unused
4 symbols



ARM Macro Assembler    Page 1 Alphabetic symbol ordering
Relocatable symbols

SRC 00000000

Symbol: SRC
   Definitions
      At line 29 in file q3.s
   Uses
      At line 11 in file q3.s
Comment: SRC used once
mydata 00000000

Symbol: mydata
   Definitions
      At line 28 in file q3.s
   Uses
      None
Comment: mydata unused
2 symbols



ARM Macro Assembler    Page 1 Alphabetic symbol ordering
Relocatable symbols

DST 00000000

Symbol: DST
   Definitions
      At line 31 in file q3.s
   Uses
      At line 12 in file q3.s
Comment: DST used once
mydata1 00000000

Symbol: mydata1
   Definitions
      At line 30 in file q3.s
   Uses
      None
Comment: mydata1 unused
2 symbols
343 symbols in table
