


ARM Macro Assembler    Page 1 


    1 00000000                 AREA             RESET, DATA, READONLY
    2 00000000                 EXPORT           __Vectors
    3 00000000         __Vectors
    4 00000000 40001000        DCD              0x40001000  ; stack pointer val
                                                            ue when stack is em
                                                            pty
    5 00000004 00000000        DCD              Reset_Handler ; reset vector
    6 00000008                 ALIGN
    7 00000008                 AREA             mycode, CODE, READONLY
    8 00000000                 ENTRY
    9 00000000                 EXPORT           Reset_Handler
   10 00000000         Reset_Handler
   11 00000000 F04F 0001       MOV              R0,#1
   12 00000004 4907            LDR              R1,=X
   13 00000006 680B            LDR              R3,[R1]
   14 00000008 F000 F806       BL               factorial
   15 0000000C 4B06            LDR              R3,=result
   16 0000000E 6018            STR              R0, [R3]
   17 00000010         
   18 00000010 E7FE    Stop    B                Stop
   19 00000012         
   20 00000012 00 00 00000004 
                       X       DCD              4
   21 00000018         
   22 00000018         factorial
   23 00000018 FB00 F003       MUL              R0,R0,R3
   24 0000001C 3B01            SUBS             R3,#1
   25 0000001E D1FB            BNE              factorial
   26 00000020 4770            BX               LR
   27 00000022 00 00 00000000 
              00000000         AREA             mydara,DATA,READWRITE
   28 00000000 00000000 
                       result  DCD              0
   29 00000004                 END
Command Line: --debug --xref --cpu=Cortex-M3 --apcs=interwork --depend=.\q2.d -
o.\q2.o -IC:\Keil\ARM\RV31\INC -IC:\Keil\ARM\CMSIS\Include -IC:\Keil\ARM\Inc\NX
P\LPC17xx --predefine="__EVAL SETA 1" --list=.\q2.lst q2.s



ARM Macro Assembler    Page 1 Alphabetic symbol ordering
Relocatable symbols

RESET 00000000

Symbol: RESET
   Definitions
      At line 1 in file q2.s
   Uses
      None
Comment: RESET unused
__Vectors 00000000

Symbol: __Vectors
   Definitions
      At line 3 in file q2.s
   Uses
      At line 2 in file q2.s
Comment: __Vectors used once
2 symbols



ARM Macro Assembler    Page 1 Alphabetic symbol ordering
Relocatable symbols

Reset_Handler 00000000

Symbol: Reset_Handler
   Definitions
      At line 10 in file q2.s
   Uses
      At line 5 in file q2.s
      At line 9 in file q2.s

Stop 00000010

Symbol: Stop
   Definitions
      At line 18 in file q2.s
   Uses
      At line 18 in file q2.s
Comment: Stop used once
X 00000014

Symbol: X
   Definitions
      At line 20 in file q2.s
   Uses
      At line 12 in file q2.s
Comment: X used once
factorial 00000018

Symbol: factorial
   Definitions
      At line 22 in file q2.s
   Uses
      At line 14 in file q2.s
      At line 25 in file q2.s

mycode 00000000

Symbol: mycode
   Definitions
      At line 7 in file q2.s
   Uses
      None
Comment: mycode unused
5 symbols



ARM Macro Assembler    Page 1 Alphabetic symbol ordering
Relocatable symbols

mydara 00000000

Symbol: mydara
   Definitions
      At line 27 in file q2.s
   Uses
      None
Comment: mydara unused
result 00000000

Symbol: result
   Definitions
      At line 28 in file q2.s
   Uses
      At line 15 in file q2.s
Comment: result used once
2 symbols
342 symbols in table
