


ARM Macro Assembler    Page 1 


    1 00000000                 AREA             RESET, DATA, READONLY
    2 00000000                 EXPORT           __Vectors
    3 00000000         __Vectors
    4 00000000 10001000        DCD              0x10001000  ; stack pointer val
                                                            ue when stack is em
                                                            pty
    5 00000004 00000000        DCD              Reset_Handler ; reset vector
    6 00000008                 ALIGN
    7 00000008                 AREA             mycode, CODE, READONLY
    8 00000000                 ENTRY
    9 00000000                 EXPORT           Reset_Handler
   10 00000000         Reset_Handler
   11 00000000 4910            LDR              R1, =packed
   12 00000002 4A11            LDR              R2, =hex
   13 00000004 680B            LDR              R3,[R1]
   14 00000006 F04F 0410       LDR              R4, =16     ; divisor
   15 0000000A F04F 0500       LDR              R5, =0      ;will store quotien
                                                            t
   16 0000000E F04F 0600       MOV              R6, #0      ; will keep remaind
                                                            ers
   17 00000012 462B            MOV              R3, R5      ; copy of dividend
   18 00000014 F04F 0700       LDR              R7, =0      ;LSR COUNT
   19 00000018         
   20 00000018         
   21 00000018         
   22 00000018         LOOP
   23 00000018 E00B            B                DIV
   24 0000001A FA23 F307       LSR              R3,R7
   25 0000001E 4418            ADD              R0,R3
   26 00000020 F107 0704       ADD              R7,#4
   27 00000024 462B            MOV              R3,R5
   28 00000026 F04F 0500       MOV              R5,#0
   29 0000002A 2B00            CMP              R3,#0
   30 0000002C D1F4            BNE              LOOP
   31 0000002E 6010            STR              R0,[R2]
   32 00000030         
   33 00000030 E7FE    STOP    B                STOP        ; Be there
   34 00000032         DIV
   35 00000032 1B1B            SUBS             R3,R4
   36 00000034 F105 0501       ADD              R5,#1
   37 00000038 2B10            CMP              R3,#16
   38 0000003A D2FA            BCS              DIV
   39 0000003C E7EC            B                LOOP
   40 0000003E 00 00 00002467 
                       packed  DCD              0X00002467  ;32 bit number - pa
                                                            cked
   41 00000044         
   42 00000044         
   43 00000044         
   44 00000044 00000000 
              00000000         AREA             mydata, DATA, READWRITE
   45 00000000 00000000 
                       hex     DCD              0           ; packed result
   46 00000004                 END
Command Line: --debug --xref --cpu=Cortex-M3 --apcs=interwork --depend=.\q2.d -
o.\q2.o -IC:\Keil\ARM\RV31\INC -IC:\Keil\ARM\CMSIS\Include -IC:\Keil\ARM\Inc\NX
P\LPC17xx --predefine="__EVAL SETA 1" --list=.\q2.lst q2.s



ARM Macro Assembler    Page 1 Alphabetic symbol ordering
Relocatable symbols

RESET 00000000

Symbol: RESET
   Definitions
      At line 1 in file q2.s
   Uses
      None
Comment: RESET unused
__Vectors 00000000

Symbol: __Vectors
   Definitions
      At line 3 in file q2.s
   Uses
      At line 2 in file q2.s
Comment: __Vectors used once
2 symbols



ARM Macro Assembler    Page 1 Alphabetic symbol ordering
Relocatable symbols

DIV 00000032

Symbol: DIV
   Definitions
      At line 34 in file q2.s
   Uses
      At line 23 in file q2.s
      At line 38 in file q2.s

LOOP 00000018

Symbol: LOOP
   Definitions
      At line 22 in file q2.s
   Uses
      At line 30 in file q2.s
      At line 39 in file q2.s

Reset_Handler 00000000

Symbol: Reset_Handler
   Definitions
      At line 10 in file q2.s
   Uses
      At line 5 in file q2.s
      At line 9 in file q2.s

STOP 00000030

Symbol: STOP
   Definitions
      At line 33 in file q2.s
   Uses
      At line 33 in file q2.s
Comment: STOP used once
mycode 00000000

Symbol: mycode
   Definitions
      At line 7 in file q2.s
   Uses
      None
Comment: mycode unused
packed 00000040

Symbol: packed
   Definitions
      At line 40 in file q2.s
   Uses
      At line 11 in file q2.s
Comment: packed used once
6 symbols



ARM Macro Assembler    Page 1 Alphabetic symbol ordering
Relocatable symbols

hex 00000000

Symbol: hex
   Definitions
      At line 45 in file q2.s
   Uses
      At line 12 in file q2.s
Comment: hex used once
mydata 00000000

Symbol: mydata
   Definitions
      At line 44 in file q2.s
   Uses
      None
Comment: mydata unused
2 symbols
343 symbols in table
