


ARM Macro Assembler    Page 1 


    1 00000000                 AREA             RESET, DATA, READONLY
    2 00000000                 EXPORT           __Vectors
    3 00000000         __Vectors
    4 00000000 10001000        DCD              0x10001000  ; stack pointer val
                                                            ue when stack is em
                                                            pty
    5 00000004 00000000        DCD              Reset_Handler ; reset vector
    6 00000008                 ALIGN
    7 00000008                 AREA             mycode, CODE, READONLY
    8 00000000                 ENTRY
    9 00000000                 EXPORT           Reset_Handler
   10 00000000         Reset_Handler
   11 00000000 490C            LDR              R1, =packed
   12 00000002 4A0D            LDR              R2, =hex
   13 00000004 680B            LDR              R3,[R1]
   14 00000006 F04F 0401       LDR              R4, =0x01
   15 0000000A F04F 050F       LDR              R5, =0xF    ;will store quotien
                                                            t
   16 0000000E F04F 0000       MOV              R0,#0
   17 00000012 F04F 070A       LDR              R7, =0X0A
   18 00000016         
   19 00000016         LOOP
   20 00000016 EA03 0605       AND              R6,R3,R5
   21 0000001A FB06 0004       MLA              R0,R6,R4,R0
   22 0000001E FB04 F407       MUL              R4,R7
   23 00000022 EA4F 1313       LSR              R3,#4
   24 00000026 2B00            CMP              R3,#0
   25 00000028 D1F5            BNE              LOOP
   26 0000002A         
   27 0000002A 6010            STR              R0,[R2]
   28 0000002C         
   29 0000002C E7FE    STOP    B                STOP        ; Be there
   30 0000002E         
   31 0000002E 00 00 00000267 
                       packed  DCD              0X00000267  ;32 bit number - pa
                                                            cked
   32 00000034         
   33 00000034 00000000 
              00000000         AREA             mydata, DATA, READWRITE
   34 00000000 00000000 
                       hex     DCD              0           ; packed result
   35 00000004                 END
Command Line: --debug --xref --cpu=Cortex-M3 --apcs=interwork --depend=.\q2_v2.
d -o.\q2_v2.o -IC:\Keil\ARM\RV31\INC -IC:\Keil\ARM\CMSIS\Include -IC:\Keil\ARM\
Inc\NXP\LPC17xx --predefine="__EVAL SETA 1" --list=.\q2_v2.lst q2_v2.s



ARM Macro Assembler    Page 1 Alphabetic symbol ordering
Relocatable symbols

RESET 00000000

Symbol: RESET
   Definitions
      At line 1 in file q2_v2.s
   Uses
      None
Comment: RESET unused
__Vectors 00000000

Symbol: __Vectors
   Definitions
      At line 3 in file q2_v2.s
   Uses
      At line 2 in file q2_v2.s
Comment: __Vectors used once
2 symbols



ARM Macro Assembler    Page 1 Alphabetic symbol ordering
Relocatable symbols

LOOP 00000016

Symbol: LOOP
   Definitions
      At line 19 in file q2_v2.s
   Uses
      At line 25 in file q2_v2.s
Comment: LOOP used once
Reset_Handler 00000000

Symbol: Reset_Handler
   Definitions
      At line 10 in file q2_v2.s
   Uses
      At line 5 in file q2_v2.s
      At line 9 in file q2_v2.s

STOP 0000002C

Symbol: STOP
   Definitions
      At line 29 in file q2_v2.s
   Uses
      At line 29 in file q2_v2.s
Comment: STOP used once
mycode 00000000

Symbol: mycode
   Definitions
      At line 7 in file q2_v2.s
   Uses
      None
Comment: mycode unused
packed 00000030

Symbol: packed
   Definitions
      At line 31 in file q2_v2.s
   Uses
      At line 11 in file q2_v2.s
Comment: packed used once
5 symbols



ARM Macro Assembler    Page 1 Alphabetic symbol ordering
Relocatable symbols

hex 00000000

Symbol: hex
   Definitions
      At line 34 in file q2_v2.s
   Uses
      At line 12 in file q2_v2.s
Comment: hex used once
mydata 00000000

Symbol: mydata
   Definitions
      At line 33 in file q2_v2.s
   Uses
      None
Comment: mydata unused
2 symbols
342 symbols in table
