


ARM Macro Assembler    Page 1 


    1 00000000                 AREA             RESET, DATA, READONLY
    2 00000000                 EXPORT           __Vectors
    3 00000000         __Vectors
    4 00000000 10001000        DCD              0x10001000  ; stack pointer val
                                                            ue when stack is em
                                                            pty
    5 00000004 00000000        DCD              Reset_Handler ; reset vector
    6 00000008                 ALIGN
    7 00000008                 AREA             mycode, CODE, READONLY
    8 00000000                 ENTRY
    9 00000000                 EXPORT           Reset_Handler
   10 00000000         Reset_Handler
   11 00000000 4919            LDR              R1, =hex
   12 00000002 4A1A            LDR              R2, =unpacked
   13 00000004 680B            LDR              R3,[R1]
   14 00000006 F04F 040A       LDR              R4, =0xA
   15 0000000A F04F 0500       LDR              R5, =0      ;will store quotien
                                                            t
   16 0000000E F04F 0000       MOV              R0,#0
   17 00000012 F04F 0710       LDR              R7, =16
   18 00000016         
   19 00000016         LOOP1
   20 00000016 461E            MOV              R6,R3
   21 00000018         
   22 00000018 2E0A            CMP              R6,#10
   23 0000001A D305            BCC              SKIP
   24 0000001C         DIV
   25 0000001C EBA6 0604       SUB              R6,R4
   26 00000020 F105 0501       ADD              R5,#1
   27 00000024 2E0A            CMP              R6,#10
   28 00000026 D2F9            BCS              DIV
   29 00000028         
   30 00000028         ;NOW R6 HAS REMAINDER
   31 00000028         SKIP
   32 00000028 F802 6B01       STRB             R6,[R2],#1  ; POST - INCREMENT
   33 0000002C EA4F 1313       LSR              R3,#4
   34 00000030 2B00            CMP              R3,#0
   35 00000032 D1F0            BNE              LOOP1
   36 00000034         
   37 00000034         ;NOW AT [R6] WE HAVE UNPACKED BCD
   38 00000034         
   39 00000034 490D            LDR              R1, =unpacked
   40 00000036 4A0E            LDR              R2, =packed
   41 00000038 680B            LDR              R3,[R1]
   42 0000003A F04F 040F       LDR              R4, =0X0F
   43 0000003E F04F 0800       MOV              R8, #0
   44 00000042         
   45 00000042         LOOP
   46 00000042 F04F 0500       LDR              R5, =0
   47 00000046 EA03 0504       AND              R5, R3,R4
   48 0000004A FA25 F508       LSR              R5,R8
   49 0000004E 4428            ADD              R0,R5
   50 00000050 F108 0804       ADD              R8,#4
   51 00000054 EA4F 2404       LSL              R4,#8
   52 00000058 F1B8 0F10       CMP              R8,#16
   53 0000005C D1F1            BNE              LOOP
   54 0000005E 6010            STR              R0,[R2]
   55 00000060         
   56 00000060 E7FE    STOP    B                STOP        ; Be there



ARM Macro Assembler    Page 2 


   57 00000062         
   58 00000062         
   59 00000062 00 00 00000012 
                       hex     DCD              0X00000012  ;32 bit number - pa
                                                            cked
   60 00000068         
   61 00000068 00000000 
              00000000 
              00000000 
              00000000         AREA             mydata, DATA, READWRITE
   62 00000000 00000000 
                       unpacked
                               DCD              0
   63 00000004 00000000 
                       packed  DCD              0           ; packed result
   64 00000008                 END
Command Line: --debug --xref --cpu=Cortex-M3 --apcs=interwork --depend=.\q3.d -
o.\q3.o -IC:\Keil\ARM\RV31\INC -IC:\Keil\ARM\CMSIS\Include -IC:\Keil\ARM\Inc\NX
P\LPC17xx --predefine="__EVAL SETA 1" --list=.\q3.lst q3.s



ARM Macro Assembler    Page 1 Alphabetic symbol ordering
Relocatable symbols

RESET 00000000

Symbol: RESET
   Definitions
      At line 1 in file q3.s
   Uses
      None
Comment: RESET unused
__Vectors 00000000

Symbol: __Vectors
   Definitions
      At line 3 in file q3.s
   Uses
      At line 2 in file q3.s
Comment: __Vectors used once
2 symbols



ARM Macro Assembler    Page 1 Alphabetic symbol ordering
Relocatable symbols

DIV 0000001C

Symbol: DIV
   Definitions
      At line 24 in file q3.s
   Uses
      At line 28 in file q3.s
Comment: DIV used once
LOOP 00000042

Symbol: LOOP
   Definitions
      At line 45 in file q3.s
   Uses
      At line 53 in file q3.s
Comment: LOOP used once
LOOP1 00000016

Symbol: LOOP1
   Definitions
      At line 19 in file q3.s
   Uses
      At line 35 in file q3.s
Comment: LOOP1 used once
Reset_Handler 00000000

Symbol: Reset_Handler
   Definitions
      At line 10 in file q3.s
   Uses
      At line 5 in file q3.s
      At line 9 in file q3.s

SKIP 00000028

Symbol: SKIP
   Definitions
      At line 31 in file q3.s
   Uses
      At line 23 in file q3.s
Comment: SKIP used once
STOP 00000060

Symbol: STOP
   Definitions
      At line 56 in file q3.s
   Uses
      At line 56 in file q3.s
Comment: STOP used once
hex 00000064

Symbol: hex
   Definitions
      At line 59 in file q3.s
   Uses
      At line 11 in file q3.s
Comment: hex used once
mycode 00000000




ARM Macro Assembler    Page 2 Alphabetic symbol ordering
Relocatable symbols

Symbol: mycode
   Definitions
      At line 7 in file q3.s
   Uses
      None
Comment: mycode unused
8 symbols



ARM Macro Assembler    Page 1 Alphabetic symbol ordering
Relocatable symbols

mydata 00000000

Symbol: mydata
   Definitions
      At line 61 in file q3.s
   Uses
      None
Comment: mydata unused
packed 00000004

Symbol: packed
   Definitions
      At line 63 in file q3.s
   Uses
      At line 40 in file q3.s
Comment: packed used once
unpacked 00000000

Symbol: unpacked
   Definitions
      At line 62 in file q3.s
   Uses
      At line 12 in file q3.s
      At line 39 in file q3.s

3 symbols
346 symbols in table
