


ARM Macro Assembler    Page 1 


    1 00000000                 AREA             RESET, DATA, READONLY
    2 00000000                 EXPORT           __Vectors
    3 00000000         __Vectors
    4 00000000 10001000        DCD              0x10001000  ; stack pointer val
                                                            ue when stack is em
                                                            pty
    5 00000004 00000000        DCD              Reset_Handler ; reset vector
    6 00000008                 ALIGN
    7 00000008                 AREA             mycode, CODE, READONLY
    8 00000000                 ENTRY
    9 00000000                 EXPORT           Reset_Handler
   10 00000000         Reset_Handler
   11 00000000 4802            LDR              R0, =SRC
   12 00000002 4903            LDR              R1, =0x1015ABC6
   13 00000004 6001            STR              R1, [R0]
   14 00000006 4A03            LDR              R2, =DST
   15 00000008 6011            STR              R1,[R2]
   16 0000000A         
   17 0000000A E7FE    STOP    B                STOP        ; Be there
   18 0000000C         
   19 0000000C 00000000 
              1015ABC6 
              00000000         AREA             mydata, DATA, READWRITE
   20 00000000 00000000 
                       DST     DCD              0           ;DST location in da
                                                            ta memory
   21 00000004 00000000 
                       SRC     DCD              0           ; SRC location in d
                                                            ata memory
   22 00000008                 END
Command Line: --debug --xref --cpu=Cortex-M3 --apcs=interwork --depend=.\q2.d -
o.\q2.o -IC:\Keil\ARM\RV31\INC -IC:\Keil\ARM\CMSIS\Include -IC:\Keil\ARM\Inc\NX
P\LPC17xx --predefine="__EVAL SETA 1" --list=.\q2.lst q2.s



ARM Macro Assembler    Page 1 Alphabetic symbol ordering
Relocatable symbols

RESET 00000000

Symbol: RESET
   Definitions
      At line 1 in file q2.s
   Uses
      None
Comment: RESET unused
__Vectors 00000000

Symbol: __Vectors
   Definitions
      At line 3 in file q2.s
   Uses
      At line 2 in file q2.s
Comment: __Vectors used once
2 symbols



ARM Macro Assembler    Page 1 Alphabetic symbol ordering
Relocatable symbols

Reset_Handler 00000000

Symbol: Reset_Handler
   Definitions
      At line 10 in file q2.s
   Uses
      At line 5 in file q2.s
      At line 9 in file q2.s

STOP 0000000A

Symbol: STOP
   Definitions
      At line 17 in file q2.s
   Uses
      At line 17 in file q2.s
Comment: STOP used once
mycode 00000000

Symbol: mycode
   Definitions
      At line 7 in file q2.s
   Uses
      None
Comment: mycode unused
3 symbols



ARM Macro Assembler    Page 1 Alphabetic symbol ordering
Relocatable symbols

DST 00000000

Symbol: DST
   Definitions
      At line 20 in file q2.s
   Uses
      At line 14 in file q2.s
Comment: DST used once
SRC 00000004

Symbol: SRC
   Definitions
      At line 21 in file q2.s
   Uses
      At line 11 in file q2.s
Comment: SRC used once
mydata 00000000

Symbol: mydata
   Definitions
      At line 19 in file q2.s
   Uses
      None
Comment: mydata unused
3 symbols
341 symbols in table
