


ARM Macro Assembler    Page 1 


    1 00000000                 AREA             RESET, DATA, READONLY
    2 00000000                 EXPORT           __Vectors
    3 00000000         __Vectors
    4 00000000 40001000        DCD              0x40001000  ; stack pointer val
                                                            ue when stack is em
                                                            pty
    5 00000004 00000000        DCD              Reset_Handler ; reset vector
    6 00000008                 ALIGN
    7 00000008                 AREA             mycode, CODE, READONLY
    8 00000000                 ENTRY
    9 00000000                 EXPORT           Reset_Handler
   10 00000000         Reset_Handler
   11 00000000 F04F 0400       MOV              R4,#0
   12 00000004 F04F 010A       MOV              R1,#10
   13 00000008 4810            LDR              R0, =list
   14 0000000A 4A11            LDR              R2, =result
   15 0000000C         L1
   16 0000000C 5903            LDR              R3, [R0,R4]
   17 0000000E 5113            STR              R3, [R2,R4]
   18 00000010 F104 0404       ADD              R4,#4
   19 00000014 F1A1 0101       SUB              R1,#1
   20 00000018 2900            CMP              R1,#0
   21 0000001A D1F7            BNE              L1
   22 0000001C         
   23 0000001C         
   24 0000001C 480C            LDR              R0, =result
   25 0000001E         outer
   26 0000001E         
   27 0000001E 6801            ldr              r1,[R0]     ; has the min value
                                                             rn
   28 00000020 F100 0001       add              r0,#1
   29 00000024         
   30 00000024         
   31 00000024 00000010 
              00000005 
              00000033 
              00000024 
              00000056 
              00000077 
              00000021 
              00000004 
              00000087 
              00000001 list    DCD              0x10,0x05,0x33,0x24,0x56,0x77,0
x21,0x04,0x87,0x01
   32 0000004C 00000000 
              00000000 
              00000000         AREA             data1, DATA, READWRITE
   33 00000000 00 00 00 
              00 00 00 
              00 00 00 
              00 00 00 
              00 00 00 
              00 00 00 
              00 00    result  DCW              0,0,0,0,0,0,0,0,0,0
   34 00000014                 end
Command Line: --debug --xref --cpu=Cortex-M3 --apcs=interwork --depend=.\q1.d -
o.\q1.o -IC:\Keil\ARM\RV31\INC -IC:\Keil\ARM\CMSIS\Include -IC:\Keil\ARM\Inc\NX
P\LPC17xx --predefine="__EVAL SETA 1" --list=.\q1.lst q1.s



ARM Macro Assembler    Page 1 Alphabetic symbol ordering
Relocatable symbols

RESET 00000000

Symbol: RESET
   Definitions
      At line 1 in file q1.s
   Uses
      None
Comment: RESET unused
__Vectors 00000000

Symbol: __Vectors
   Definitions
      At line 3 in file q1.s
   Uses
      At line 2 in file q1.s
Comment: __Vectors used once
2 symbols



ARM Macro Assembler    Page 1 Alphabetic symbol ordering
Relocatable symbols

L1 0000000C

Symbol: L1
   Definitions
      At line 15 in file q1.s
   Uses
      At line 21 in file q1.s
Comment: L1 used once
Reset_Handler 00000000

Symbol: Reset_Handler
   Definitions
      At line 10 in file q1.s
   Uses
      At line 5 in file q1.s
      At line 9 in file q1.s

list 00000024

Symbol: list
   Definitions
      At line 31 in file q1.s
   Uses
      At line 13 in file q1.s
Comment: list used once
mycode 00000000

Symbol: mycode
   Definitions
      At line 7 in file q1.s
   Uses
      None
Comment: mycode unused
outer 0000001E

Symbol: outer
   Definitions
      At line 25 in file q1.s
   Uses
      None
Comment: outer unused
5 symbols



ARM Macro Assembler    Page 1 Alphabetic symbol ordering
Relocatable symbols

data1 00000000

Symbol: data1
   Definitions
      At line 32 in file q1.s
   Uses
      None
Comment: data1 unused
result 00000000

Symbol: result
   Definitions
      At line 33 in file q1.s
   Uses
      At line 14 in file q1.s
      At line 24 in file q1.s

2 symbols
342 symbols in table
