


ARM Macro Assembler    Page 1 


    1 00000000                 AREA             RESET, DATA, READONLY
    2 00000000                 EXPORT           __Vectors
    3 00000000         __Vectors
    4 00000000 10001000        DCD              0x10001000  ; stack pointer val
                                                            ue when stack is em
                                                            pty
    5 00000004 00000000        DCD              Reset_Handler ; reset vector
    6 00000008                 ALIGN
    7 00000008                 AREA             mycode, CODE, READONLY
    8 00000000                 ENTRY
    9 00000000                 EXPORT           Reset_Handler
   10 00000000         Reset_Handler
   11 00000000 490A            LDR              R1, =N1
   12 00000002 4A0B            LDR              R2, =N2
   13 00000004 680B            LDR              R3,[R1]
   14 00000006 6814            LDR              R4,[R2]
   15 00000008 E005            B                GCD
   16 0000000A         
   17 0000000A         updation1
   18 0000000A EBA3 0304       SUB              R3,R3,R4
   19 0000000E E002            B                GCD
   20 00000010         updation2
   21 00000010 EBA4 0403       SUB              R4,R4,R3
   22 00000014 E7FF            B                GCD
   23 00000016         GCD
   24 00000016 42A3            CMP              R3,R4
   25 00000018 D001            BEQ              OUT
   26 0000001A D2F6            BCS              updation1
   27 0000001C D3F8            BCC              updation2
   28 0000001E         
   29 0000001E         
   30 0000001E 461D    OUT     MOV              R5,R3       ;Now R5 has GCD
   31 00000020         
   32 00000020         
   33 00000020         
   34 00000020 00000005 
                       N1      DCD              5
   35 00000024 00000006 
                       N2      DCD              6
   36 00000028         
   37 00000028 E7FE    STOP    B                STOP
   38 0000002A                 END
              00 00 00000000 
              00000000 
Command Line: --debug --xref --cpu=Cortex-M3 --apcs=interwork --depend=.\aq3.d 
-o.\aq3.o -IC:\Keil\ARM\RV31\INC -IC:\Keil\ARM\CMSIS\Include -IC:\Keil\ARM\Inc\
NXP\LPC17xx --predefine="__EVAL SETA 1" --list=.\aq3.lst aq3.s



ARM Macro Assembler    Page 1 Alphabetic symbol ordering
Relocatable symbols

RESET 00000000

Symbol: RESET
   Definitions
      At line 1 in file aq3.s
   Uses
      None
Comment: RESET unused
__Vectors 00000000

Symbol: __Vectors
   Definitions
      At line 3 in file aq3.s
   Uses
      At line 2 in file aq3.s
Comment: __Vectors used once
2 symbols



ARM Macro Assembler    Page 1 Alphabetic symbol ordering
Relocatable symbols

GCD 00000016

Symbol: GCD
   Definitions
      At line 23 in file aq3.s
   Uses
      At line 15 in file aq3.s
      At line 19 in file aq3.s
      At line 22 in file aq3.s

N1 00000020

Symbol: N1
   Definitions
      At line 34 in file aq3.s
   Uses
      At line 11 in file aq3.s
Comment: N1 used once
N2 00000024

Symbol: N2
   Definitions
      At line 35 in file aq3.s
   Uses
      At line 12 in file aq3.s
Comment: N2 used once
OUT 0000001E

Symbol: OUT
   Definitions
      At line 30 in file aq3.s
   Uses
      At line 25 in file aq3.s
Comment: OUT used once
Reset_Handler 00000000

Symbol: Reset_Handler
   Definitions
      At line 10 in file aq3.s
   Uses
      At line 5 in file aq3.s
      At line 9 in file aq3.s

STOP 00000028

Symbol: STOP
   Definitions
      At line 37 in file aq3.s
   Uses
      At line 37 in file aq3.s
Comment: STOP used once
mycode 00000000

Symbol: mycode
   Definitions
      At line 7 in file aq3.s
   Uses
      None
Comment: mycode unused



ARM Macro Assembler    Page 2 Alphabetic symbol ordering
Relocatable symbols

updation1 0000000A

Symbol: updation1
   Definitions
      At line 17 in file aq3.s
   Uses
      At line 26 in file aq3.s
Comment: updation1 used once
updation2 00000010

Symbol: updation2
   Definitions
      At line 20 in file aq3.s
   Uses
      At line 27 in file aq3.s
Comment: updation2 used once
9 symbols
344 symbols in table
