


ARM Macro Assembler    Page 1 


    1 00000000                 AREA             RESET, DATA, READONLY
    2 00000000                 EXPORT           __Vectors
    3 00000000         __Vectors
    4 00000000 10001000        DCD              0x10001000  ; stack pointer val
                                                            ue when stack is em
                                                            pty
    5 00000004 00000000        DCD              Reset_Handler ; reset vector
    6 00000008                 ALIGN
    7 00000008                 AREA             mycode, CODE, READONLY
    8 00000000                 ENTRY
    9 00000000                 EXPORT           Reset_Handler
   10 00000000         Reset_Handler
   11 00000000 4906            LDR              R1, =V1
   12 00000002 4A07            LDR              R2, =V2
   13 00000004 4B07            LDR              R3, =V3
   14 00000006 680C            LDR              R4,[R1]
   15 00000008 6815            LDR              R5,[R2]
   16 0000000A EBA5 0004       sub              R0,R5,R4
   17 0000000E 6018            STR              R0,[R3]
   18 00000010 12345678 
                       V1      DCD              0X12345678  ; First 32 bit numb
                                                            er
   19 00000014 ABCDEF12 
                       V2      DCD              0XABCDEF12  ; Second 32 bit num
                                                            ber
   20 00000018 E7FE    STOP    B                STOP        ; Be there
   21 0000001A 00 00 00000000 
              00000000 
              00000000         AREA             mydata, DATA, READWRITE
   22 00000000 00000000 
                       V3      DCD              0
   23 00000004                 END
Command Line: --debug --xref --cpu=Cortex-M3 --apcs=interwork --depend=.\q1.d -
o.\q1.o -IC:\Keil\ARM\RV31\INC -IC:\Keil\ARM\CMSIS\Include -IC:\Keil\ARM\Inc\NX
P\LPC17xx --predefine="__EVAL SETA 1" --list=.\q1.lst q1.s



ARM Macro Assembler    Page 1 Alphabetic symbol ordering
Relocatable symbols

RESET 00000000

Symbol: RESET
   Definitions
      At line 1 in file q1.s
   Uses
      None
Comment: RESET unused
__Vectors 00000000

Symbol: __Vectors
   Definitions
      At line 3 in file q1.s
   Uses
      At line 2 in file q1.s
Comment: __Vectors used once
2 symbols



ARM Macro Assembler    Page 1 Alphabetic symbol ordering
Relocatable symbols

Reset_Handler 00000000

Symbol: Reset_Handler
   Definitions
      At line 10 in file q1.s
   Uses
      At line 5 in file q1.s
      At line 9 in file q1.s

STOP 00000018

Symbol: STOP
   Definitions
      At line 20 in file q1.s
   Uses
      At line 20 in file q1.s
Comment: STOP used once
V1 00000010

Symbol: V1
   Definitions
      At line 18 in file q1.s
   Uses
      At line 11 in file q1.s
Comment: V1 used once
V2 00000014

Symbol: V2
   Definitions
      At line 19 in file q1.s
   Uses
      At line 12 in file q1.s
Comment: V2 used once
mycode 00000000

Symbol: mycode
   Definitions
      At line 7 in file q1.s
   Uses
      None
Comment: mycode unused
5 symbols



ARM Macro Assembler    Page 1 Alphabetic symbol ordering
Relocatable symbols

V3 00000000

Symbol: V3
   Definitions
      At line 22 in file q1.s
   Uses
      At line 13 in file q1.s
Comment: V3 used once
mydata 00000000

Symbol: mydata
   Definitions
      At line 21 in file q1.s
   Uses
      None
Comment: mydata unused
2 symbols
342 symbols in table
