


ARM Macro Assembler    Page 1 


    1 00000000                 AREA             RESET, DATA, READONLY
    2 00000000                 EXPORT           __Vectors
    3 00000000         __Vectors
    4 00000000 10001000        DCD              0x10001000  ; stack pointer val
                                                            ue when stack is em
                                                            pty
    5 00000004 00000000        DCD              Reset_Handler ; reset vector
    6 00000008                 ALIGN
    7 00000008                 AREA             mycode, CODE, READONLY
    8 00000000                 ENTRY
    9 00000000                 EXPORT           Reset_Handler
   10 00000000         Reset_Handler
   11 00000000 F04F 010A       LDR              R1, =10
   12 00000004 F04F 02C8       LDR              R2, =200
   13 00000008 F04F 0300       LDR              R3, =0x00
   14 0000000C         
   15 0000000C         Loop
   16 0000000C         
   17 0000000C 1A52            SUBS             R2,R1
   18 0000000E F103 0301       ADD              R3,#1
   19 00000012 D1FB            BNE              Loop
   20 00000014         
   21 00000014 E7FE    STOP    B                STOP
   22 00000016                 END
Command Line: --debug --xref --cpu=Cortex-M3 --apcs=interwork --depend=.\q3.d -
o.\q3.o -IC:\Keil\ARM\RV31\INC -IC:\Keil\ARM\CMSIS\Include -IC:\Keil\ARM\Inc\NX
P\LPC17xx --predefine="__EVAL SETA 1" --list=.\q3.lst q3.s



ARM Macro Assembler    Page 1 Alphabetic symbol ordering
Relocatable symbols

RESET 00000000

Symbol: RESET
   Definitions
      At line 1 in file q3.s
   Uses
      None
Comment: RESET unused
__Vectors 00000000

Symbol: __Vectors
   Definitions
      At line 3 in file q3.s
   Uses
      At line 2 in file q3.s
Comment: __Vectors used once
2 symbols



ARM Macro Assembler    Page 1 Alphabetic symbol ordering
Relocatable symbols

Loop 0000000C

Symbol: Loop
   Definitions
      At line 15 in file q3.s
   Uses
      At line 19 in file q3.s
Comment: Loop used once
Reset_Handler 00000000

Symbol: Reset_Handler
   Definitions
      At line 10 in file q3.s
   Uses
      At line 5 in file q3.s
      At line 9 in file q3.s

STOP 00000014

Symbol: STOP
   Definitions
      At line 21 in file q3.s
   Uses
      At line 21 in file q3.s
Comment: STOP used once
mycode 00000000

Symbol: mycode
   Definitions
      At line 7 in file q3.s
   Uses
      None
Comment: mycode unused
4 symbols
337 symbols in table
