


ARM Macro Assembler    Page 1 


    1 00000000                 AREA             RESET, DATA, READONLY
    2 00000000                 EXPORT           __Vectors
    3 00000000         __Vectors
    4 00000000 10001000        DCD              0x10001000  ; stack pointer val
                                                            ue when stack is em
                                                            pty
    5 00000004 00000000        DCD              Reset_Handler ; reset vector
    6 00000008                 ALIGN
    7 00000008                 AREA             mycode, CODE, READONLY
    8 00000000                 ENTRY
    9 00000000                 EXPORT           Reset_Handler
   10 00000000         Reset_Handler
   11 00000000 4904            LDR              R1, =N
   12 00000002 680A            LDR              R2,[R1]
   13 00000004 FB02 2302       MLA              R3,R2,R2,R2
   14 00000008 EA4F 0453       MOV              R4,R3,LSR #1
   15 0000000C         
   16 0000000C         
   17 0000000C 00000005 
                       N       DCD              5
   18 00000010         
   19 00000010 E7FE    STOP    B                STOP
   20 00000012                 END
              00 00 00000000 
Command Line: --debug --xref --cpu=Cortex-M3 --apcs=interwork --depend=.\q4.d -
o.\q4.o -IC:\Keil\ARM\RV31\INC -IC:\Keil\ARM\CMSIS\Include -IC:\Keil\ARM\Inc\NX
P\LPC17xx --predefine="__EVAL SETA 1" --list=.\q4.lst q4.s



ARM Macro Assembler    Page 1 Alphabetic symbol ordering
Relocatable symbols

RESET 00000000

Symbol: RESET
   Definitions
      At line 1 in file q4.s
   Uses
      None
Comment: RESET unused
__Vectors 00000000

Symbol: __Vectors
   Definitions
      At line 3 in file q4.s
   Uses
      At line 2 in file q4.s
Comment: __Vectors used once
2 symbols



ARM Macro Assembler    Page 1 Alphabetic symbol ordering
Relocatable symbols

N 0000000C

Symbol: N
   Definitions
      At line 17 in file q4.s
   Uses
      At line 11 in file q4.s
Comment: N used once
Reset_Handler 00000000

Symbol: Reset_Handler
   Definitions
      At line 10 in file q4.s
   Uses
      At line 5 in file q4.s
      At line 9 in file q4.s

STOP 00000010

Symbol: STOP
   Definitions
      At line 19 in file q4.s
   Uses
      At line 19 in file q4.s
Comment: STOP used once
mycode 00000000

Symbol: mycode
   Definitions
      At line 7 in file q4.s
   Uses
      None
Comment: mycode unused
4 symbols
339 symbols in table
